<?xml version="1.0" encoding="UTF-8"?>
<TestRun id="c227d772-c850-454d-9f9c-bca542bcb6a7" name="Dyachkov@DYACHKOV 2011-06-01 19:07:50" runUser="KL\Dyachkov" xmlns="http://microsoft.com/schemas/VisualStudio/TeamTest/2010">
  <TestSettings name="Local" id="2d181413-4e48-4d6a-b036-ea0373ea88a6">
    <Description>These are default test settings for a local test run.</Description>
    <Deployment enabled="false" runDeploymentRoot="Dyachkov_DYACHKOV 2011-06-01 19_07_50">
      <DeploymentItem filename="C:\Development\!!Interesting\!Git\RemoteControl\Libs\XMPP\agsXMPP.dll" />
      <DeploymentItem filename="C:\Development\!!Interesting\!Git\RemoteControl\Project\GTalk.ClientLib\bin\Debug\GTalk.ClientLib.dll" />
    </Deployment>
    <Execution>
      <TestTypeSpecific />
      <AgentRule name="Execution Agents">
      </AgentRule>
    </Execution>
  </TestSettings>
  <Times creation="2011-06-01T19:07:50.5272021+04:00" queuing="2011-06-01T19:07:52.4992021+04:00" start="2011-06-01T19:07:52.6732021+04:00" finish="2011-06-01T19:08:17.9482021+04:00" />
  <ResultSummary outcome="Error">
    <Counters total="1" executed="1" error="0" failed="0" timeout="0" aborted="1" inconclusive="0" passedButRunAborted="0" notRunnable="0" notExecuted="0" disconnected="0" warning="0" passed="0" completed="0" inProgress="0" pending="0" />
    <RunInfos>
      <RunInfo computerName="DYACHKOV" outcome="Error" timestamp="2011-06-01T19:08:17.9472021+04:00">
        <Text>Test host process exited unexpectedly.</Text>
      </RunInfo>
    </RunInfos>
  </ResultSummary>
  <TestDefinitions>
    <UnitTest name="TestPeerCollection" storage="c:\development\!!interesting\!git\remotecontrol\project\unittests\bin\debug\unittests.dll" id="f2d0fe56-c2bf-6e43-e812-912289e13fe9">
      <Execution id="a22c2951-1963-4afc-83f7-c945223d3a5c" />
      <TestMethod codeBase="C:/Development/!!Interesting/!Git/RemoteControl/Project/UnitTests/bin/Debug/UnitTests.DLL" adapterTypeName="Microsoft.VisualStudio.TestTools.TestTypes.Unit.UnitTestAdapter, Microsoft.VisualStudio.QualityTools.Tips.UnitTest.Adapter, Version=10.0.0.0, Culture=neutral, PublicKeyToken=b03f5f7f11d50a3a" className="UnitTests.UnitTests, UnitTests, Version=1.0.0.0, Culture=neutral, PublicKeyToken=null" name="TestPeerCollection" />
    </UnitTest>
  </TestDefinitions>
  <TestLists>
    <TestList name="Results Not in a List" id="8c84fa94-04c1-424b-9868-57a2d4851a1d" />
    <TestList name="All Loaded Results" id="19431567-8539-422a-85d7-44ee4e166bda" />
  </TestLists>
  <TestEntries>
    <TestEntry testId="f2d0fe56-c2bf-6e43-e812-912289e13fe9" executionId="a22c2951-1963-4afc-83f7-c945223d3a5c" testListId="8c84fa94-04c1-424b-9868-57a2d4851a1d" />
  </TestEntries>
  <Results>
    <UnitTestResult executionId="a22c2951-1963-4afc-83f7-c945223d3a5c" testId="f2d0fe56-c2bf-6e43-e812-912289e13fe9" testName="TestPeerCollection" computerName="DYACHKOV" duration="00:00:25.0980000" startTime="2011-06-01T19:07:52.8502021+04:00" endTime="2011-06-01T19:08:17.9482021+04:00" testType="13cdc9d9-ddb5-4fa4-a97d-d965ccfc6d4b" outcome="Aborted" testListId="8c84fa94-04c1-424b-9868-57a2d4851a1d" relativeResultsDirectory="a22c2951-1963-4afc-83f7-c945223d3a5c">
    </UnitTestResult>
  </Results>
</TestRun>